
  .   ____          _            __ _ _
 /\\ / ___'_ __ _ _(_)_ __  __ _ \ \ \ \
( ( )\___ | '_ | '_| | '_ \/ _` | \ \ \ \
 \\/  ___)| |_)| | | | | || (_| |  ) ) ) )
  '  |____| .__|_| |_|_| |_\__, | / / / /
 =========|_|==============|___/=/_/_/_/
 :: Spring Boot ::                (v2.7.3)

2022-09-12 02:00:26.273  INFO 6895 --- [           main] x.t.geek.GeekDemoForStressApplication    : Starting GeekDemoForStressApplication using Java 1.8.0_342 on iZ2ze99uh20nyqndmozdmgZ with PID 6895 (/home/ecs-user/app.jar started by ecs-user in /home/ecs-user)
2022-09-12 02:00:26.276  INFO 6895 --- [           main] x.t.geek.GeekDemoForStressApplication    : No active profile set, falling back to 1 default profile: "default"
2022-09-12 02:00:27.341  INFO 6895 --- [           main] .s.d.r.c.RepositoryConfigurationDelegate : Bootstrapping Spring Data JPA repositories in DEFAULT mode.
2022-09-12 02:00:27.407  INFO 6895 --- [           main] .s.d.r.c.RepositoryConfigurationDelegate : Finished Spring Data repository scanning in 53 ms. Found 1 JPA repository interfaces.
2022-09-12 02:00:28.226  INFO 6895 --- [           main] o.s.b.w.embedded.tomcat.TomcatWebServer  : Tomcat initialized with port(s): 18080 (http)
2022-09-12 02:00:28.245  INFO 6895 --- [           main] o.apache.catalina.core.StandardService   : Starting service [Tomcat]
2022-09-12 02:00:28.246  INFO 6895 --- [           main] org.apache.catalina.core.StandardEngine  : Starting Servlet engine: [Apache Tomcat/9.0.65]
2022-09-12 02:00:28.337  INFO 6895 --- [           main] o.a.c.c.C.[Tomcat].[localhost].[/]       : Initializing Spring embedded WebApplicationContext
2022-09-12 02:00:28.338  INFO 6895 --- [           main] w.s.c.ServletWebServerApplicationContext : Root WebApplicationContext: initialization completed in 1989 ms
2022-09-12 02:00:28.805  INFO 6895 --- [           main] o.hibernate.jpa.internal.util.LogHelper  : HHH000204: Processing PersistenceUnitInfo [name: default]
2022-09-12 02:00:28.864  INFO 6895 --- [           main] org.hibernate.Version                    : HHH000412: Hibernate ORM core version 5.6.10.Final
2022-09-12 02:00:29.092  INFO 6895 --- [           main] o.hibernate.annotations.common.Version   : HCANN000001: Hibernate Commons Annotations {5.1.2.Final}
2022-09-12 02:00:29.208  INFO 6895 --- [           main] com.zaxxer.hikari.HikariDataSource       : HikariPool-1 - Starting...
2022-09-12 02:00:29.402  INFO 6895 --- [           main] com.zaxxer.hikari.HikariDataSource       : HikariPool-1 - Start completed.
2022-09-12 02:00:29.429  INFO 6895 --- [           main] org.hibernate.dialect.Dialect            : HHH000400: Using dialect: org.hibernate.dialect.PostgreSQL95Dialect
2022-09-12 02:00:30.153  INFO 6895 --- [           main] o.h.e.t.j.p.i.JtaPlatformInitiator       : HHH000490: Using JtaPlatform implementation: [org.hibernate.engine.transaction.jta.platform.internal.NoJtaPlatform]
2022-09-12 02:00:30.166  INFO 6895 --- [           main] j.LocalContainerEntityManagerFactoryBean : Initialized JPA EntityManagerFactory for persistence unit 'default'
2022-09-12 02:00:30.587  WARN 6895 --- [           main] JpaBaseConfiguration$JpaWebConfiguration : spring.jpa.open-in-view is enabled by default. Therefore, database queries may be performed during view rendering. Explicitly configure spring.jpa.open-in-view to disable this warning
2022-09-12 02:00:31.041  INFO 6895 --- [           main] o.s.b.a.e.web.EndpointLinksResolver      : Exposing 1 endpoint(s) beneath base path '/actuator'
2022-09-12 02:00:31.097  INFO 6895 --- [           main] o.s.b.w.embedded.tomcat.TomcatWebServer  : Tomcat started on port(s): 18080 (http) with context path ''
2022-09-12 02:00:31.117  INFO 6895 --- [           main] x.t.geek.GeekDemoForStressApplication    : Started GeekDemoForStressApplication in 5.337 seconds (JVM running for 5.894)
2022-09-12 02:00:41.493  INFO 6895 --- [io-18080-exec-2] o.a.c.c.C.[Tomcat].[localhost].[/]       : Initializing Spring DispatcherServlet 'dispatcherServlet'
2022-09-12 02:00:41.493  INFO 6895 --- [io-18080-exec-2] o.s.web.servlet.DispatcherServlet        : Initializing Servlet 'dispatcherServlet'
2022-09-12 02:00:41.495  INFO 6895 --- [io-18080-exec-2] o.s.web.servlet.DispatcherServlet        : Completed initialization in 1 ms
2022-09-12 02:15:13.864  INFO 6895 --- [ionShutdownHook] j.LocalContainerEntityManagerFactoryBean : Closing JPA EntityManagerFactory for persistence unit 'default'
2022-09-12 02:15:13.866  INFO 6895 --- [ionShutdownHook] com.zaxxer.hikari.HikariDataSource       : HikariPool-1 - Shutdown initiated...
2022-09-12 02:15:13.870  INFO 6895 --- [ionShutdownHook] com.zaxxer.hikari.HikariDataSource       : HikariPool-1 - Shutdown completed.
