
  .   ____          _            __ _ _
 /\\ / ___'_ __ _ _(_)_ __  __ _ \ \ \ \
( ( )\___ | '_ | '_| | '_ \/ _` | \ \ \ \
 \\/  ___)| |_)| | | | | || (_| |  ) ) ) )
  '  |____| .__|_| |_|_| |_\__, | / / / /
 =========|_|==============|___/=/_/_/_/
 :: Spring Boot ::                (v2.7.3)

2022-09-12 01:33:27.162  INFO 6516 --- [           main] x.t.geek.GeekDemoForStressApplication    : Starting GeekDemoForStressApplication using Java 1.8.0_342 on iZ2ze99uh20nyqndmozdmgZ with PID 6516 (/home/ecs-user/app.jar started by ecs-user in /home/ecs-user)
2022-09-12 01:33:27.165  INFO 6516 --- [           main] x.t.geek.GeekDemoForStressApplication    : No active profile set, falling back to 1 default profile: "default"
2022-09-12 01:33:28.193  INFO 6516 --- [           main] .s.d.r.c.RepositoryConfigurationDelegate : Bootstrapping Spring Data JPA repositories in DEFAULT mode.
2022-09-12 01:33:28.247  INFO 6516 --- [           main] .s.d.r.c.RepositoryConfigurationDelegate : Finished Spring Data repository scanning in 42 ms. Found 1 JPA repository interfaces.
2022-09-12 01:33:28.939  INFO 6516 --- [           main] o.s.b.w.embedded.tomcat.TomcatWebServer  : Tomcat initialized with port(s): 18080 (http)
2022-09-12 01:33:28.957  INFO 6516 --- [           main] o.apache.catalina.core.StandardService   : Starting service [Tomcat]
2022-09-12 01:33:28.958  INFO 6516 --- [           main] org.apache.catalina.core.StandardEngine  : Starting Servlet engine: [Apache Tomcat/9.0.65]
2022-09-12 01:33:29.036  INFO 6516 --- [           main] o.a.c.c.C.[Tomcat].[localhost].[/]       : Initializing Spring embedded WebApplicationContext
2022-09-12 01:33:29.037  INFO 6516 --- [           main] w.s.c.ServletWebServerApplicationContext : Root WebApplicationContext: initialization completed in 1796 ms
2022-09-12 01:33:29.430  INFO 6516 --- [           main] o.hibernate.jpa.internal.util.LogHelper  : HHH000204: Processing PersistenceUnitInfo [name: default]
2022-09-12 01:33:29.476  INFO 6516 --- [           main] org.hibernate.Version                    : HHH000412: Hibernate ORM core version 5.6.10.Final
2022-09-12 01:33:29.661  INFO 6516 --- [           main] o.hibernate.annotations.common.Version   : HCANN000001: Hibernate Commons Annotations {5.1.2.Final}
2022-09-12 01:33:29.769  INFO 6516 --- [           main] com.zaxxer.hikari.HikariDataSource       : HikariPool-1 - Starting...
2022-09-12 01:33:29.965  INFO 6516 --- [           main] com.zaxxer.hikari.HikariDataSource       : HikariPool-1 - Start completed.
2022-09-12 01:33:29.985  INFO 6516 --- [           main] org.hibernate.dialect.Dialect            : HHH000400: Using dialect: org.hibernate.dialect.PostgreSQL95Dialect
2022-09-12 01:33:30.657  INFO 6516 --- [           main] o.h.e.t.j.p.i.JtaPlatformInitiator       : HHH000490: Using JtaPlatform implementation: [org.hibernate.engine.transaction.jta.platform.internal.NoJtaPlatform]
2022-09-12 01:33:30.670  INFO 6516 --- [           main] j.LocalContainerEntityManagerFactoryBean : Initialized JPA EntityManagerFactory for persistence unit 'default'
2022-09-12 01:33:31.167  WARN 6516 --- [           main] JpaBaseConfiguration$JpaWebConfiguration : spring.jpa.open-in-view is enabled by default. Therefore, database queries may be performed during view rendering. Explicitly configure spring.jpa.open-in-view to disable this warning
2022-09-12 01:33:31.597  INFO 6516 --- [           main] o.s.b.a.e.web.EndpointLinksResolver      : Exposing 1 endpoint(s) beneath base path '/actuator'
2022-09-12 01:33:31.650  INFO 6516 --- [           main] o.s.b.w.embedded.tomcat.TomcatWebServer  : Tomcat started on port(s): 18080 (http) with context path ''
2022-09-12 01:33:31.670  INFO 6516 --- [           main] x.t.geek.GeekDemoForStressApplication    : Started GeekDemoForStressApplication in 5.004 seconds (JVM running for 5.517)
2022-09-12 01:33:41.498  INFO 6516 --- [io-18080-exec-1] o.a.c.c.C.[Tomcat].[localhost].[/]       : Initializing Spring DispatcherServlet 'dispatcherServlet'
2022-09-12 01:33:41.498  INFO 6516 --- [io-18080-exec-1] o.s.web.servlet.DispatcherServlet        : Initializing Servlet 'dispatcherServlet'
2022-09-12 01:33:41.501  INFO 6516 --- [io-18080-exec-1] o.s.web.servlet.DispatcherServlet        : Completed initialization in 2 ms
2022-09-12 01:59:53.752  INFO 6516 --- [ionShutdownHook] j.LocalContainerEntityManagerFactoryBean : Closing JPA EntityManagerFactory for persistence unit 'default'
2022-09-12 01:59:53.754  INFO 6516 --- [ionShutdownHook] com.zaxxer.hikari.HikariDataSource       : HikariPool-1 - Shutdown initiated...
2022-09-12 01:59:53.758  INFO 6516 --- [ionShutdownHook] com.zaxxer.hikari.HikariDataSource       : HikariPool-1 - Shutdown completed.
