
  .   ____          _            __ _ _
 /\\ / ___'_ __ _ _(_)_ __  __ _ \ \ \ \
( ( )\___ | '_ | '_| | '_ \/ _` | \ \ \ \
 \\/  ___)| |_)| | | | | || (_| |  ) ) ) )
  '  |____| .__|_| |_|_| |_\__, | / / / /
 =========|_|==============|___/=/_/_/_/
 :: Spring Boot ::                (v2.7.3)

2022-09-12 01:00:03.736  INFO 5878 --- [           main] x.t.geek.GeekDemoForStressApplication    : Starting GeekDemoForStressApplication using Java 1.8.0_342 on iZ2ze99uh20nyqndmozdmgZ with PID 5878 (/home/ecs-user/app.jar started by ecs-user in /home/ecs-user)
2022-09-12 01:00:03.741  INFO 5878 --- [           main] x.t.geek.GeekDemoForStressApplication    : No active profile set, falling back to 1 default profile: "default"
2022-09-12 01:00:04.884  INFO 5878 --- [           main] .s.d.r.c.RepositoryConfigurationDelegate : Bootstrapping Spring Data JPA repositories in DEFAULT mode.
2022-09-12 01:00:04.957  INFO 5878 --- [           main] .s.d.r.c.RepositoryConfigurationDelegate : Finished Spring Data repository scanning in 59 ms. Found 1 JPA repository interfaces.
2022-09-12 01:00:05.794  INFO 5878 --- [           main] o.s.b.w.embedded.tomcat.TomcatWebServer  : Tomcat initialized with port(s): 18080 (http)
2022-09-12 01:00:05.814  INFO 5878 --- [           main] o.apache.catalina.core.StandardService   : Starting service [Tomcat]
2022-09-12 01:00:05.814  INFO 5878 --- [           main] org.apache.catalina.core.StandardEngine  : Starting Servlet engine: [Apache Tomcat/9.0.65]
2022-09-12 01:00:05.908  INFO 5878 --- [           main] o.a.c.c.C.[Tomcat].[localhost].[/]       : Initializing Spring embedded WebApplicationContext
2022-09-12 01:00:05.908  INFO 5878 --- [           main] w.s.c.ServletWebServerApplicationContext : Root WebApplicationContext: initialization completed in 2083 ms
2022-09-12 01:00:06.375  INFO 5878 --- [           main] o.hibernate.jpa.internal.util.LogHelper  : HHH000204: Processing PersistenceUnitInfo [name: default]
2022-09-12 01:00:06.443  INFO 5878 --- [           main] org.hibernate.Version                    : HHH000412: Hibernate ORM core version 5.6.10.Final
2022-09-12 01:00:06.684  INFO 5878 --- [           main] o.hibernate.annotations.common.Version   : HCANN000001: Hibernate Commons Annotations {5.1.2.Final}
2022-09-12 01:00:06.819  INFO 5878 --- [           main] com.zaxxer.hikari.HikariDataSource       : HikariPool-1 - Starting...
2022-09-12 01:00:07.046  INFO 5878 --- [           main] com.zaxxer.hikari.HikariDataSource       : HikariPool-1 - Start completed.
2022-09-12 01:00:07.075  INFO 5878 --- [           main] org.hibernate.dialect.Dialect            : HHH000400: Using dialect: org.hibernate.dialect.PostgreSQL95Dialect
2022-09-12 01:00:07.789  INFO 5878 --- [           main] o.h.e.t.j.p.i.JtaPlatformInitiator       : HHH000490: Using JtaPlatform implementation: [org.hibernate.engine.transaction.jta.platform.internal.NoJtaPlatform]
2022-09-12 01:00:07.798  INFO 5878 --- [           main] j.LocalContainerEntityManagerFactoryBean : Initialized JPA EntityManagerFactory for persistence unit 'default'
2022-09-12 01:00:08.233  WARN 5878 --- [           main] JpaBaseConfiguration$JpaWebConfiguration : spring.jpa.open-in-view is enabled by default. Therefore, database queries may be performed during view rendering. Explicitly configure spring.jpa.open-in-view to disable this warning
2022-09-12 01:00:08.745  INFO 5878 --- [           main] o.s.b.a.e.web.EndpointLinksResolver      : Exposing 1 endpoint(s) beneath base path '/actuator'
2022-09-12 01:00:08.798  INFO 5878 --- [           main] o.s.b.w.embedded.tomcat.TomcatWebServer  : Tomcat started on port(s): 18080 (http) with context path ''
2022-09-12 01:00:08.819  INFO 5878 --- [           main] x.t.geek.GeekDemoForStressApplication    : Started GeekDemoForStressApplication in 5.629 seconds (JVM running for 6.189)
2022-09-12 01:00:11.505  INFO 5878 --- [io-18080-exec-1] o.a.c.c.C.[Tomcat].[localhost].[/]       : Initializing Spring DispatcherServlet 'dispatcherServlet'
2022-09-12 01:00:11.505  INFO 5878 --- [io-18080-exec-1] o.s.web.servlet.DispatcherServlet        : Initializing Servlet 'dispatcherServlet'
2022-09-12 01:00:11.507  INFO 5878 --- [io-18080-exec-1] o.s.web.servlet.DispatcherServlet        : Completed initialization in 1 ms
2022-09-12 01:31:43.969  INFO 5878 --- [ionShutdownHook] j.LocalContainerEntityManagerFactoryBean : Closing JPA EntityManagerFactory for persistence unit 'default'
2022-09-12 01:31:43.972  INFO 5878 --- [ionShutdownHook] com.zaxxer.hikari.HikariDataSource       : HikariPool-1 - Shutdown initiated...
2022-09-12 01:31:43.977  INFO 5878 --- [ionShutdownHook] com.zaxxer.hikari.HikariDataSource       : HikariPool-1 - Shutdown completed.
